
    =======================
    Wed May 27 2020 22:36:57 GMT+0800 (GMT+08:00)
    è¯·æ±‚ -- [44;39mã€ %s ã€‘[49;39m-- /user/captcha;[49;39m,GET
    
    è¿”å› -- [44;39mã€ %s ã€‘[49;39m-- /user/captcha;[49;39m 4ms,GET
    =======================
  
    =======================
    Wed May 27 2020 22:38:07 GMT+0800 (GMT+08:00)
    è¯·æ±‚ -- [44;39mã€ %s ã€‘[49;39m-- /user/captcha;[49;39m,GET
    
    è¿”å› -- [44;39mã€ %s ã€‘[49;39m-- /user/captcha;[49;39m 9ms,GET
    =======================
  
    =======================
    Wed May 27 2020 22:38:50 GMT+0800 (GMT+08:00)
    è¯·æ±‚ -- [44;39mã€ %s ã€‘[49;39m-- /user/captcha;[49;39m,GET
    
    è¿”å› -- [44;39mã€ %s ã€‘[49;39m-- /user/captcha;[49;39m 8ms,GET
    =======================
  
    =======================
    Wed May 27 2020 22:39:44 GMT+0800 (GMT+08:00)
    è¯·æ±‚ -- [44;39mã€ %s ã€‘[49;39m-- /user/captcha;[49;39m,GET
    
    è¿”å› -- [44;39mã€ %s ã€‘[49;39m-- /user/captcha;[49;39m 4ms,GET
    =======================
  
    =======================
    Wed May 27 2020 22:40:16 GMT+0800 (GMT+08:00)
    è¯·æ±‚ -- [44;39mã€ %s ã€‘[49;39m-- /user/captcha;[49;39m,GET
    
    è¿”å› -- [44;39mã€ %s ã€‘[49;39m-- /user/captcha;[49;39m 7ms,GET
    =======================
  
    =======================
    Wed May 27 2020 22:42:14 GMT+0800 (GMT+08:00)
    è¯·æ±‚ -- [44;39mã€ %s ã€‘[49;39m-- /user/captcha;[49;39m,GET
    
    è¿”å› -- [44;39mã€ %s ã€‘[49;39m-- /user/captcha;[49;39m 14ms,GET
    =======================
  
    =======================
    Wed May 27 2020 22:42:34 GMT+0800 (GMT+08:00)
    è¯·æ±‚ -- [44;39mã€ %s ã€‘[49;39m-- /user/captcha;[49;39m,GET
    
    è¿”å› -- [44;39mã€ %s ã€‘[49;39m-- /user/captcha;[49;39m 5ms,GET
    =======================
  
    =======================
    Wed May 27 2020 22:42:34 GMT+0800 (GMT+08:00)
    è¯·æ±‚ -- [44;39mã€ %s ã€‘[49;39m-- /user/captcha;[49;39m,GET
    
    è¿”å› -- [44;39mã€ %s ã€‘[49;39m-- /user/captcha;[49;39m 7ms,GET
    =======================
  
    =======================
    Wed May 27 2020 22:43:07 GMT+0800 (GMT+08:00)
    è¯·æ±‚ -- [44;39mã€ %s ã€‘[49;39m-- /user/captcha;[49;39m,GET
    
    è¿”å› -- [44;39mã€ %s ã€‘[49;39m-- /user/captcha;[49;39m 3ms,GET
    =======================
  
    =======================
    Wed May 27 2020 22:43:18 GMT+0800 (GMT+08:00)
    è¯·æ±‚ -- [44;39mã€ %s ã€‘[49;39m-- /user/captcha;[49;39m,GET
    
    è¿”å› -- [44;39mã€ %s ã€‘[49;39m-- /user/captcha;[49;39m 5ms,GET
    =======================
  
    =======================
    Wed May 27 2020 22:43:42 GMT+0800 (GMT+08:00)
    è¯·æ±‚ -- [44;39mã€ %s ã€‘[49;39m-- /user/captcha;[49;39m,GET
    
    è¿”å› -- [44;39mã€ %s ã€‘[49;39m-- /user/captcha;[49;39m 1ms,GET
    =======================
  
    =======================
    Wed May 27 2020 22:44:27 GMT+0800 (GMT+08:00)
    è¯·æ±‚ -- [44;39mã€ %s ã€‘[49;39m-- /user/captcha;[49;39m,GET
    
    è¿”å› -- [44;39mã€ %s ã€‘[49;39m-- /user/captcha;[49;39m 4ms,GET
    =======================
  
    =======================
    Wed May 27 2020 22:44:53 GMT+0800 (GMT+08:00)
    è¯·æ±‚ -- [44;39mã€ %s ã€‘[49;39m-- /user/captcha;[49;39m,GET
    
    è¿”å› -- [44;39mã€ %s ã€‘[49;39m-- /user/captcha;[49;39m 4ms,GET
    =======================
  
    =======================
    Wed May 27 2020 22:45:08 GMT+0800 (GMT+08:00)
    è¯·æ±‚ -- [44;39mã€ %s ã€‘[49;39m-- /user/captcha;[49;39m,GET
    
    è¿”å› -- [44;39mã€ %s ã€‘[49;39m-- /user/captcha;[49;39m 4ms,GET
    =======================
  
    =======================
    Wed May 27 2020 22:45:21 GMT+0800 (GMT+08:00)
    è¯·æ±‚ -- [44;39mã€ %s ã€‘[49;39m-- /user/captcha;[49;39m,GET
    
    è¿”å› -- [44;39mã€ %s ã€‘[49;39m-- /user/captcha;[49;39m 1ms,GET
    =======================
  
    =======================
    Wed May 27 2020 22:46:01 GMT+0800 (GMT+08:00)
    è¯·æ±‚ -- [44;39mã€ %s ã€‘[49;39m-- /user/captcha;[49;39m,GET
    
    è¿”å› -- [44;39mã€ %s ã€‘[49;39m-- /user/captcha;[49;39m 1ms,GET
    =======================
  
    =======================
    Wed May 27 2020 22:46:15 GMT+0800 (GMT+08:00)
    è¯·æ±‚ -- [44;39mã€ %s ã€‘[49;39m-- /user/captcha;[49;39m,GET
    
    è¿”å› -- [44;39mã€ %s ã€‘[49;39m-- /user/captcha;[49;39m 1ms,GET
    =======================
  
    =======================
    Wed May 27 2020 22:46:16 GMT+0800 (GMT+08:00)
    è¯·æ±‚ -- [44;39mã€ %s ã€‘[49;39m-- /user/captcha;[49;39m,GET
    
    è¿”å› -- [44;39mã€ %s ã€‘[49;39m-- /user/captcha;[49;39m 1ms,GET
    =======================
  
    =======================
    Wed May 27 2020 22:46:23 GMT+0800 (GMT+08:00)
    è¯·æ±‚ -- [44;39mã€ %s ã€‘[49;39m-- /user/captcha;[49;39m,GET
    
    è¿”å› -- [44;39mã€ %s ã€‘[49;39m-- /user/captcha;[49;39m 3ms,GET
    =======================
  
    =======================
    Wed May 27 2020 22:46:40 GMT+0800 (GMT+08:00)
    è¯·æ±‚ -- [44;39mã€ %s ã€‘[49;39m-- /user/captcha;[49;39m,GET
    
    è¿”å› -- [44;39mã€ %s ã€‘[49;39m-- /user/captcha;[49;39m 2ms,GET
    =======================
  
    =======================
    Wed May 27 2020 22:46:43 GMT+0800 (GMT+08:00)
    è¯·æ±‚ -- [44;39mã€ %s ã€‘[49;39m-- /user/captcha;[49;39m,GET
    
    è¿”å› -- [44;39mã€ %s ã€‘[49;39m-- /user/captcha;[49;39m 2ms,GET
    =======================
  
    =======================
    Wed May 27 2020 22:47:02 GMT+0800 (GMT+08:00)
    è¯·æ±‚ -- [44;39mã€ %s ã€‘[49;39m-- /user/captcha;[49;39m,GET
    
    è¿”å› -- [44;39mã€ %s ã€‘[49;39m-- /user/captcha;[49;39m 1ms,GET
    =======================
  
    =======================
    Wed May 27 2020 22:47:09 GMT+0800 (GMT+08:00)
    è¯·æ±‚ -- [44;39mã€ %s ã€‘[49;39m-- /user/captcha;[49;39m,GET
    
    è¿”å› -- [44;39mã€ %s ã€‘[49;39m-- /user/captcha;[49;39m 1ms,GET
    =======================
  
    =======================
    Wed May 27 2020 22:47:30 GMT+0800 (GMT+08:00)
    è¯·æ±‚ -- [44;39mã€ %s ã€‘[49;39m-- /user/captcha;[49;39m,GET
    
    è¿”å› -- [44;39mã€ %s ã€‘[49;39m-- /user/captcha;[49;39m 4ms,GET
    =======================
  
    =======================
    Wed May 27 2020 22:48:32 GMT+0800 (GMT+08:00)
    è¯·æ±‚ -- [44;39mã€ %s ã€‘[49;39m-- /user/captcha;[49;39m,GET
    
    è¿”å› -- [44;39mã€ %s ã€‘[49;39m-- /user/captcha;[49;39m 1ms,GET
    =======================
  
    =======================
    Wed May 27 2020 22:48:54 GMT+0800 (GMT+08:00)
    è¯·æ±‚ -- [44;39mã€ %s ã€‘[49;39m-- /user/captcha;[49;39m,GET
    
    è¿”å› -- [44;39mã€ %s ã€‘[49;39m-- /user/captcha;[49;39m 1ms,GET
    =======================
  
    =======================
    Wed May 27 2020 22:49:03 GMT+0800 (GMT+08:00)
    è¯·æ±‚ -- [44;39mã€ %s ã€‘[49;39m-- /user/captcha;[49;39m,GET
    
    è¿”å› -- [44;39mã€ %s ã€‘[49;39m-- /user/captcha;[49;39m 2ms,GET
    =======================
  
    =======================
    Wed May 27 2020 22:49:59 GMT+0800 (GMT+08:00)
    è¯·æ±‚ -- [44;39mã€ %s ã€‘[49;39m-- /user/captcha;[49;39m,GET
    
    è¿”å› -- [44;39mã€ %s ã€‘[49;39m-- /user/captcha;[49;39m 8ms,GET
    =======================
  
    =======================
    Wed May 27 2020 22:51:09 GMT+0800 (GMT+08:00)
    è¯·æ±‚ -- [44;39mã€ %s ã€‘[49;39m-- /user/captcha;[49;39m,GET
    
    è¿”å› -- [44;39mã€ %s ã€‘[49;39m-- /user/captcha;[49;39m 4ms,GET
    =======================
  
    =======================
    Wed May 27 2020 22:51:10 GMT+0800 (GMT+08:00)
    è¯·æ±‚ -- [44;39mã€ %s ã€‘[49;39m-- /user/captcha;[49;39m,GET
    
    è¿”å› -- [44;39mã€ %s ã€‘[49;39m-- /user/captcha;[49;39m 4ms,GET
    =======================
  
    =======================
    Wed May 27 2020 22:51:11 GMT+0800 (GMT+08:00)
    è¯·æ±‚ -- [44;39mã€ %s ã€‘[49;39m-- /user/captcha;[49;39m,GET
    
    è¿”å› -- [44;39mã€ %s ã€‘[49;39m-- /user/captcha;[49;39m 2ms,GET
    =======================
  
    =======================
    Wed May 27 2020 22:51:12 GMT+0800 (GMT+08:00)
    è¯·æ±‚ -- [44;39mã€ %s ã€‘[49;39m-- /user/captcha;[49;39m,GET
    
    è¿”å› -- [44;39mã€ %s ã€‘[49;39m-- /user/captcha;[49;39m 3ms,GET
    =======================
  
    =======================
    Wed May 27 2020 22:51:13 GMT+0800 (GMT+08:00)
    è¯·æ±‚ -- [44;39mã€ %s ã€‘[49;39m-- /user/captcha;[49;39m,GET
    
    è¿”å› -- [44;39mã€ %s ã€‘[49;39m-- /user/captcha;[49;39m 7ms,GET
    =======================
  
    =======================
    Wed May 27 2020 22:51:13 GMT+0800 (GMT+08:00)
    è¯·æ±‚ -- [44;39mã€ %s ã€‘[49;39m-- /user/captcha;[49;39m,GET
    
    è¿”å› -- [44;39mã€ %s ã€‘[49;39m-- /user/captcha;[49;39m 2ms,GET
    =======================
  
    =======================
    Wed May 27 2020 22:51:14 GMT+0800 (GMT+08:00)
    è¯·æ±‚ -- [44;39mã€ %s ã€‘[49;39m-- /user/captcha;[49;39m,GET
    
    è¿”å› -- [44;39mã€ %s ã€‘[49;39m-- /user/captcha;[49;39m 5ms,GET
    =======================
  
    =======================
    Wed May 27 2020 22:51:14 GMT+0800 (GMT+08:00)
    è¯·æ±‚ -- [44;39mã€ %s ã€‘[49;39m-- /user/captcha;[49;39m,GET
    
    è¿”å› -- [44;39mã€ %s ã€‘[49;39m-- /user/captcha;[49;39m 3ms,GET
    =======================
  
    =======================
    Wed May 27 2020 22:51:15 GMT+0800 (GMT+08:00)
    è¯·æ±‚ -- [44;39mã€ %s ã€‘[49;39m-- /user/captcha;[49;39m,GET
    
    è¿”å› -- [44;39mã€ %s ã€‘[49;39m-- /user/captcha;[49;39m 1ms,GET
    =======================
  
    =======================
    Wed May 27 2020 22:51:20 GMT+0800 (GMT+08:00)
    è¯·æ±‚ -- [44;39mã€ %s ã€‘[49;39m-- /user/captcha;[49;39m,GET
    
    è¿”å› -- [44;39mã€ %s ã€‘[49;39m-- /user/captcha;[49;39m 1ms,GET
    =======================
  
    =======================
    Wed May 27 2020 22:51:21 GMT+0800 (GMT+08:00)
    è¯·æ±‚ -- [44;39mã€ %s ã€‘[49;39m-- /user/captcha;[49;39m,GET
    
    è¿”å› -- [44;39mã€ %s ã€‘[49;39m-- /user/captcha;[49;39m 3ms,GET
    =======================
  
    =======================
    Wed May 27 2020 22:51:40 GMT+0800 (GMT+08:00)
    è¯·æ±‚ -- [44;39mã€ %s ã€‘[49;39m-- /user/captcha;[49;39m,GET
    
    è¿”å› -- [44;39mã€ %s ã€‘[49;39m-- /user/captcha;[49;39m 1ms,GET
    =======================
  
    =======================
    Wed May 27 2020 22:51:40 GMT+0800 (GMT+08:00)
    è¯·æ±‚ -- [44;39mã€ %s ã€‘[49;39m-- /user/captcha;[49;39m,GET
    
    è¿”å› -- [44;39mã€ %s ã€‘[49;39m-- /user/captcha;[49;39m 0ms,GET
    =======================
  
    =======================
    Wed May 27 2020 22:55:08 GMT+0800 (GMT+08:00)
    è¯·æ±‚ -- [44;39mã€ %s ã€‘[49;39m-- /user/captcha;[49;39m,GET
    
    è¿”å› -- [44;39mã€ %s ã€‘[49;39m-- /user/captcha;[49;39m 8ms,GET
    =======================
  
    =======================
    Wed May 27 2020 22:55:51 GMT+0800 (GMT+08:00)
    è¯·æ±‚ -- [44;39mã€ %s ã€‘[49;39m-- /user/captcha;[49;39m,GET
    
    è¿”å› -- [44;39mã€ %s ã€‘[49;39m-- /user/captcha;[49;39m 6ms,GET
    =======================
  
    =======================
    Wed May 27 2020 22:56:20 GMT+0800 (GMT+08:00)
    è¯·æ±‚ -- [44;39mã€ %s ã€‘[49;39m-- /user/captcha;[49;39m,GET
    
    è¿”å› -- [44;39mã€ %s ã€‘[49;39m-- /user/captcha;[49;39m 4ms,GET
    =======================
  
    =======================
    Wed May 27 2020 22:56:22 GMT+0800 (GMT+08:00)
    è¯·æ±‚ -- [44;39mã€ %s ã€‘[49;39m-- /user/captcha;[49;39m,GET
    
    è¿”å› -- [44;39mã€ %s ã€‘[49;39m-- /user/captcha;[49;39m 4ms,GET
    =======================
  
    =======================
    Wed May 27 2020 22:56:34 GMT+0800 (GMT+08:00)
    è¯·æ±‚ -- [44;39mã€ %s ã€‘[49;39m-- /user/captcha;[49;39m,GET
    
    è¿”å› -- [44;39mã€ %s ã€‘[49;39m-- /user/captcha;[49;39m 6ms,GET
    =======================
  
    =======================
    Wed May 27 2020 22:57:28 GMT+0800 (GMT+08:00)
    è¯·æ±‚ -- [44;39mã€ %s ã€‘[49;39m-- /user/captcha;[49;39m,GET
    
    è¿”å› -- [44;39mã€ %s ã€‘[49;39m-- /user/captcha;[49;39m 5ms,GET
    =======================
  
    =======================
    Wed May 27 2020 22:57:56 GMT+0800 (GMT+08:00)
    è¯·æ±‚ -- [44;39mã€ %s ã€‘[49;39m-- /user/captcha;[49;39m,GET
    
    è¿”å› -- [44;39mã€ %s ã€‘[49;39m-- /user/captcha;[49;39m 3ms,GET
    =======================
  
    =======================
    Wed May 27 2020 22:58:33 GMT+0800 (GMT+08:00)
    è¯·æ±‚ -- [44;39mã€ %s ã€‘[49;39m-- /user/captcha;[49;39m,GET
    
    è¿”å› -- [44;39mã€ %s ã€‘[49;39m-- /user/captcha;[49;39m 8ms,GET
    =======================
  
    =======================
    Wed May 27 2020 22:59:07 GMT+0800 (GMT+08:00)
    è¯·æ±‚ -- [44;39mã€ %s ã€‘[49;39m-- /user/captcha;[49;39m,GET
    
    è¿”å› -- [44;39mã€ %s ã€‘[49;39m-- /user/captcha;[49;39m 3ms,GET
    =======================
  
    =======================
    Wed May 27 2020 22:59:34 GMT+0800 (GMT+08:00)
    è¯·æ±‚ -- [44;39mã€ %s ã€‘[49;39m-- /user/captcha;[49;39m,GET
    
    è¿”å› -- [44;39mã€ %s ã€‘[49;39m-- /user/captcha;[49;39m 4ms,GET
    =======================
  
    =======================
    Wed May 27 2020 23:01:22 GMT+0800 (GMT+08:00)
    è¯·æ±‚ -- [44;39mã€ %s ã€‘[49;39m-- /user/captcha;[49;39m,GET
    
    è¿”å› -- [44;39mã€ %s ã€‘[49;39m-- /user/captcha;[49;39m 5ms,GET
    =======================
  
    =======================
    Wed May 27 2020 23:01:31 GMT+0800 (GMT+08:00)
    è¯·æ±‚ -- [44;39mã€ %s ã€‘[49;39m-- /user/captcha;[49;39m,GET
    
    è¿”å› -- [44;39mã€ %s ã€‘[49;39m-- /user/captcha;[49;39m 8ms,GET
    =======================
  
    =======================
    Wed May 27 2020 23:01:32 GMT+0800 (GMT+08:00)
    è¯·æ±‚ -- [44;39mã€ %s ã€‘[49;39m-- /user/captcha;[49;39m,GET
    
    è¿”å› -- [44;39mã€ %s ã€‘[49;39m-- /user/captcha;[49;39m 4ms,GET
    =======================
  
    =======================
    Wed May 27 2020 23:01:32 GMT+0800 (GMT+08:00)
    è¯·æ±‚ -- [44;39mã€ %s ã€‘[49;39m-- /user/captcha;[49;39m,GET
    
    è¿”å› -- [44;39mã€ %s ã€‘[49;39m-- /user/captcha;[49;39m 6ms,GET
    =======================
  
    =======================
    Wed May 27 2020 23:01:48 GMT+0800 (GMT+08:00)
    è¯·æ±‚ -- [44;39mã€ %s ã€‘[49;39m-- /user/captcha;[49;39m,GET
    
    è¿”å› -- [44;39mã€ %s ã€‘[49;39m-- /user/captcha;[49;39m 3ms,GET
    =======================
  
    =======================
    Wed May 27 2020 23:10:04 GMT+0800 (GMT+08:00)
    è¯·æ±‚ -- [44;39mã€ %s ã€‘[49;39m-- /user/captcha;[49;39m,GET
    
    è¿”å› -- [44;39mã€ %s ã€‘[49;39m-- /user/captcha;[49;39m 9ms,GET
    =======================
  
    =======================
    Wed May 27 2020 23:12:59 GMT+0800 (GMT+08:00)
    è¯·æ±‚ -- [44;39mã€ %s ã€‘[49;39m-- /user/captcha;[49;39m,GET
    
    è¿”å› -- [44;39mã€ %s ã€‘[49;39m-- /user/captcha;[49;39m 10ms,GET
    =======================
  
    =======================
    Wed May 27 2020 23:14:30 GMT+0800 (GMT+08:00)
    è¯·æ±‚ -- [44;39mã€ %s ã€‘[49;39m-- /user/captcha;[49;39m,GET
    
    è¿”å› -- [44;39mã€ %s ã€‘[49;39m-- /user/captcha;[49;39m 9ms,GET
    =======================
  
    =======================
    Wed May 27 2020 23:14:50 GMT+0800 (GMT+08:00)
    è¯·æ±‚ -- [42;39mã€ %s ã€‘[49;39m-- /user/login;[49;39m,POST
    
    è¿”å› -- [42;39mã€ %s ã€‘[49;39m-- /user/login;[49;39m 1ms,POST
    =======================
  
    =======================
    Wed May 27 2020 23:15:57 GMT+0800 (GMT+08:00)
    è¯·æ±‚ -- [44;39mã€ %s ã€‘[49;39m-- /user/captcha;[49;39m,GET
    
    è¿”å› -- [44;39mã€ %s ã€‘[49;39m-- /user/captcha;[49;39m 11ms,GET
    =======================
  
    =======================
    Wed May 27 2020 23:16:15 GMT+0800 (GMT+08:00)
    è¯·æ±‚ -- [44;39mã€ %s ã€‘[49;39m-- /user/captcha;[49;39m,GET
    
    è¿”å› -- [44;39mã€ %s ã€‘[49;39m-- /user/captcha;[49;39m 10ms,GET
    =======================
  
    =======================
    Wed May 27 2020 23:16:30 GMT+0800 (GMT+08:00)
    è¯·æ±‚ -- [42;39mã€ %s ã€‘[49;39m-- /user/login;[49;39m,POST
    
    è¿”å› -- [42;39mã€ %s ã€‘[49;39m-- /user/login;[49;39m 1ms,POST
    =======================
  
    =======================
    Wed May 27 2020 23:19:20 GMT+0800 (GMT+08:00)
    è¯·æ±‚ -- [44;39mã€ %s ã€‘[49;39m-- /user/captcha;[49;39m,GET
    
    è¿”å› -- [44;39mã€ %s ã€‘[49;39m-- /user/captcha;[49;39m 8ms,GET
    =======================
  
    =======================
    Wed May 27 2020 23:23:23 GMT+0800 (GMT+08:00)
    è¯·æ±‚ -- [44;39mã€ %s ã€‘[49;39m-- /user/captcha;[49;39m,GET
    
    è¿”å› -- [44;39mã€ %s ã€‘[49;39m-- /user/captcha;[49;39m 20ms,GET
    =======================
  
    =======================
    Wed May 27 2020 23:23:45 GMT+0800 (GMT+08:00)
    è¯·æ±‚ -- [44;39mã€ %s ã€‘[49;39m-- /user/captcha;[49;39m,GET
    
    è¿”å› -- [44;39mã€ %s ã€‘[49;39m-- /user/captcha;[49;39m 7ms,GET
    =======================
  
    =======================
    Wed May 27 2020 23:23:46 GMT+0800 (GMT+08:00)
    è¯·æ±‚ -- [44;39mã€ %s ã€‘[49;39m-- /user/captcha;[49;39m,GET
    
    è¿”å› -- [44;39mã€ %s ã€‘[49;39m-- /user/captcha;[49;39m 9ms,GET
    =======================
  
    =======================
    Wed May 27 2020 23:24:08 GMT+0800 (GMT+08:00)
    è¯·æ±‚ -- [44;39mã€ %s ã€‘[49;39m-- /user/captcha;[49;39m,GET
    
    è¿”å› -- [44;39mã€ %s ã€‘[49;39m-- /user/captcha;[49;39m 13ms,GET
    =======================
  
    =======================
    Wed May 27 2020 23:24:30 GMT+0800 (GMT+08:00)
    è¯·æ±‚ -- [44;39mã€ %s ã€‘[49;39m-- /user/captcha;[49;39m,GET
    
    è¿”å› -- [44;39mã€ %s ã€‘[49;39m-- /user/captcha;[49;39m 5ms,GET
    =======================
  
    =======================
    Wed May 27 2020 23:24:38 GMT+0800 (GMT+08:00)
    è¯·æ±‚ -- [42;39mã€ %s ã€‘[49;39m-- /user/login;[49;39m,POST
    
    è¿”å› -- [42;39mã€ %s ã€‘[49;39m-- /user/login;[49;39m 0ms,POST
    =======================
  
    =======================
    Wed May 27 2020 23:24:50 GMT+0800 (GMT+08:00)
    è¯·æ±‚ -- [42;39mã€ %s ã€‘[49;39m-- /user/login;[49;39m,POST
    
    è¿”å› -- [42;39mã€ %s ã€‘[49;39m-- /user/login;[49;39m 0ms,POST
    =======================
  
    =======================
    Wed May 27 2020 23:25:03 GMT+0800 (GMT+08:00)
    è¯·æ±‚ -- [42;39mã€ %s ã€‘[49;39m-- /user/login;[49;39m,POST
    
    è¿”å› -- [42;39mã€ %s ã€‘[49;39m-- /user/login;[49;39m 1ms,POST
    =======================
  
    =======================
    Wed May 27 2020 23:25:07 GMT+0800 (GMT+08:00)
    è¯·æ±‚ -- [42;39mã€ %s ã€‘[49;39m-- /user/login;[49;39m,POST
    
    è¿”å› -- [42;39mã€ %s ã€‘[49;39m-- /user/login;[49;39m 0ms,POST
    =======================
  
    =======================
    Wed May 27 2020 23:25:48 GMT+0800 (GMT+08:00)
    è¯·æ±‚ -- [44;39mã€ %s ã€‘[49;39m-- /user/captcha;[49;39m,GET
    
    è¿”å› -- [44;39mã€ %s ã€‘[49;39m-- /user/captcha;[49;39m 9ms,GET
    =======================
  
    =======================
    Wed May 27 2020 23:30:15 GMT+0800 (GMT+08:00)
    è¯·æ±‚ -- [42;39mã€ %s ã€‘[49;39m-- /user/login;[49;39m,POST
    
    è¿”å› -- [42;39mã€ %s ã€‘[49;39m-- /user/login;[49;39m 3ms,POST
    =======================
  
    =======================
    Wed May 27 2020 23:42:17 GMT+0800 (GMT+08:00)
    è¯·æ±‚ -- [42;39mã€ %s ã€‘[49;39m-- /user/login;[49;39m,POST
    
    è¿”å› -- [42;39mã€ %s ã€‘[49;39m-- /user/login;[49;39m 2ms,POST
    =======================
  
    =======================
    Wed May 27 2020 23:43:45 GMT+0800 (GMT+08:00)
    è¯·æ±‚ -- [42;39mã€ %s ã€‘[49;39m-- /user/login;[49;39m,POST
    
    è¿”å› -- [42;39mã€ %s ã€‘[49;39m-- /user/login;[49;39m 4ms,POST
    =======================
  
    =======================
    Wed May 27 2020 23:43:47 GMT+0800 (GMT+08:00)
    è¯·æ±‚ -- [42;39mã€ %s ã€‘[49;39m-- /user/login;[49;39m,POST
    
    è¿”å› -- [42;39mã€ %s ã€‘[49;39m-- /user/login;[49;39m 1ms,POST
    =======================
  
    =======================
    Wed May 27 2020 23:43:52 GMT+0800 (GMT+08:00)
    è¯·æ±‚ -- [42;39mã€ %s ã€‘[49;39m-- /user/login;[49;39m,POST
    
    è¿”å› -- [42;39mã€ %s ã€‘[49;39m-- /user/login;[49;39m 0ms,POST
    =======================
  
    =======================
    Wed May 27 2020 23:43:52 GMT+0800 (GMT+08:00)
    è¯·æ±‚ -- [42;39mã€ %s ã€‘[49;39m-- /user/login;[49;39m,POST
    
    è¿”å› -- [42;39mã€ %s ã€‘[49;39m-- /user/login;[49;39m 0ms,POST
    =======================
  
    =======================
    Wed May 27 2020 23:43:53 GMT+0800 (GMT+08:00)
    è¯·æ±‚ -- [42;39mã€ %s ã€‘[49;39m-- /user/login;[49;39m,POST
    
    è¿”å› -- [42;39mã€ %s ã€‘[49;39m-- /user/login;[49;39m 1ms,POST
    =======================
  
    =======================
    Wed May 27 2020 23:44:15 GMT+0800 (GMT+08:00)
    è¯·æ±‚ -- [44;39mã€ %s ã€‘[49;39m-- /user/captcha;[49;39m,GET
    
    è¿”å› -- [44;39mã€ %s ã€‘[49;39m-- /user/captcha;[49;39m 18ms,GET
    =======================
  
    =======================
    Wed May 27 2020 23:44:56 GMT+0800 (GMT+08:00)
    è¯·æ±‚ -- [44;39mã€ %s ã€‘[49;39m-- /user/captcha;[49;39m,GET
    
    è¿”å› -- [44;39mã€ %s ã€‘[49;39m-- /user/captcha;[49;39m 8ms,GET
    =======================
  
    =======================
    Wed May 27 2020 23:45:04 GMT+0800 (GMT+08:00)
    è¯·æ±‚ -- [42;39mã€ %s ã€‘[49;39m-- /user/login;[49;39m,POST
    
    è¿”å› -- [42;39mã€ %s ã€‘[49;39m-- /user/login;[49;39m 1ms,POST
    =======================
  
    =======================
    Wed May 27 2020 23:45:08 GMT+0800 (GMT+08:00)
    è¯·æ±‚ -- [42;39mã€ %s ã€‘[49;39m-- /user/login;[49;39m,POST
    
    è¿”å› -- [42;39mã€ %s ã€‘[49;39m-- /user/login;[49;39m 1ms,POST
    =======================
  
    =======================
    Wed May 27 2020 23:45:23 GMT+0800 (GMT+08:00)
    è¯·æ±‚ -- [42;39mã€ %s ã€‘[49;39m-- /user/login;[49;39m,POST
    
    è¿”å› -- [42;39mã€ %s ã€‘[49;39m-- /user/login;[49;39m 0ms,POST
    =======================
  
    =======================
    Wed May 27 2020 23:45:28 GMT+0800 (GMT+08:00)
    è¯·æ±‚ -- [42;39mã€ %s ã€‘[49;39m-- /user/login;[49;39m,POST
    
    è¿”å› -- [42;39mã€ %s ã€‘[49;39m-- /user/login;[49;39m 1ms,POST
    =======================
  
    =======================
    Wed May 27 2020 23:45:48 GMT+0800 (GMT+08:00)
    è¯·æ±‚ -- [42;39mã€ %s ã€‘[49;39m-- /user/login;[49;39m,POST
    
    è¿”å› -- [42;39mã€ %s ã€‘[49;39m-- /user/login;[49;39m 1ms,POST
    =======================
  
    =======================
    Wed May 27 2020 23:46:07 GMT+0800 (GMT+08:00)
    è¯·æ±‚ -- [42;39mã€ %s ã€‘[49;39m-- /user/login;[49;39m,POST
    
    è¿”å› -- [42;39mã€ %s ã€‘[49;39m-- /user/login;[49;39m 1ms,POST
    =======================
  
    =======================
    Wed May 27 2020 23:46:11 GMT+0800 (GMT+08:00)
    è¯·æ±‚ -- [42;39mã€ %s ã€‘[49;39m-- /user/login;[49;39m,POST
    
    è¿”å› -- [42;39mã€ %s ã€‘[49;39m-- /user/login;[49;39m 1ms,POST
    =======================
  
    =======================
    Wed May 27 2020 23:46:24 GMT+0800 (GMT+08:00)
    è¯·æ±‚ -- [42;39mã€ %s ã€‘[49;39m-- /user/login;[49;39m,POST
    
    è¿”å› -- [42;39mã€ %s ã€‘[49;39m-- /user/login;[49;39m 1ms,POST
    =======================
  
    =======================
    Wed May 27 2020 23:46:56 GMT+0800 (GMT+08:00)
    è¯·æ±‚ -- [44;39mã€ %s ã€‘[49;39m-- /user/captcha;[49;39m,GET
    
    è¿”å› -- [44;39mã€ %s ã€‘[49;39m-- /user/captcha;[49;39m 14ms,GET
    =======================
  
    =======================
    Wed May 27 2020 23:47:11 GMT+0800 (GMT+08:00)
    è¯·æ±‚ -- [44;39mã€ %s ã€‘[49;39m-- /user/captcha;[49;39m,GET
    
    è¿”å› -- [44;39mã€ %s ã€‘[49;39m-- /user/captcha;[49;39m 10ms,GET
    =======================
  
    =======================
    Wed May 27 2020 23:47:12 GMT+0800 (GMT+08:00)
    è¯·æ±‚ -- [44;39mã€ %s ã€‘[49;39m-- /user/captcha;[49;39m,GET
    
    è¿”å› -- [44;39mã€ %s ã€‘[49;39m-- /user/captcha;[49;39m 6ms,GET
    =======================
  
    =======================
    Thu May 28 2020 14:03:18 GMT+0800 (GMT+08:00)
    è¯·æ±‚ -- [44;39mã€ %s ã€‘[49;39m-- /user/captcha;[49;39m,GET
    
    è¿”å› -- [44;39mã€ %s ã€‘[49;39m-- /user/captcha;[49;39m 18ms,GET
    =======================
  
    =======================
    Thu May 28 2020 14:04:05 GMT+0800 (GMT+08:00)
    è¯·æ±‚ -- [42;39mã€ %s ã€‘[49;39m-- /user/login;[49;39m,POST
    
    è¿”å› -- [42;39mã€ %s ã€‘[49;39m-- /user/login;[49;39m 0ms,POST
    =======================
  
    =======================
    Thu May 28 2020 14:04:26 GMT+0800 (GMT+08:00)
    è¯·æ±‚ -- [42;39mã€ %s ã€‘[49;39m-- /user/login;[49;39m,POST
    
    è¿”å› -- [42;39mã€ %s ã€‘[49;39m-- /user/login;[49;39m 1ms,POST
    =======================
  
    =======================
    Thu May 28 2020 14:04:33 GMT+0800 (GMT+08:00)
    è¯·æ±‚ -- [42;39mã€ %s ã€‘[49;39m-- /user/login;[49;39m,POST
    
    è¿”å› -- [42;39mã€ %s ã€‘[49;39m-- /user/login;[49;39m 1ms,POST
    =======================
  
    =======================
    Thu May 28 2020 14:05:20 GMT+0800 (GMT+08:00)
    è¯·æ±‚ -- [42;39mã€ %s ã€‘[49;39m-- /user/login;[49;39m,POST
    
    è¿”å› -- [42;39mã€ %s ã€‘[49;39m-- /user/login;[49;39m 2ms,POST
    =======================
  
    =======================
    Thu May 28 2020 14:05:48 GMT+0800 (GMT+08:00)
    è¯·æ±‚ -- [44;39mã€ %s ã€‘[49;39m-- /user/captcha;[49;39m,GET
    
    è¿”å› -- [44;39mã€ %s ã€‘[49;39m-- /user/captcha;[49;39m 10ms,GET
    =======================
  
    =======================
    Thu May 28 2020 14:06:03 GMT+0800 (GMT+08:00)
    è¯·æ±‚ -- [42;39mã€ %s ã€‘[49;39m-- /user/login;[49;39m,POST
    
    è¿”å› -- [42;39mã€ %s ã€‘[49;39m-- /user/login;[49;39m 1ms,POST
    =======================
  
    =======================
    Thu May 28 2020 14:06:22 GMT+0800 (GMT+08:00)
    è¯·æ±‚ -- [44;39mã€ %s ã€‘[49;39m-- /user/captcha;[49;39m,GET
    
    è¿”å› -- [44;39mã€ %s ã€‘[49;39m-- /user/captcha;[49;39m 5ms,GET
    =======================
  
    =======================
    Thu May 28 2020 14:06:27 GMT+0800 (GMT+08:00)
    è¯·æ±‚ -- [42;39mã€ %s ã€‘[49;39m-- /user/login;[49;39m,POST
    
    è¿”å› -- [42;39mã€ %s ã€‘[49;39m-- /user/login;[49;39m 1ms,POST
    =======================
  
    =======================
    Thu May 28 2020 14:07:22 GMT+0800 (GMT+08:00)
    è¯·æ±‚ -- [44;39mã€ %s ã€‘[49;39m-- /user/captcha;[49;39m,GET
    
    è¿”å› -- [44;39mã€ %s ã€‘[49;39m-- /user/captcha;[49;39m 7ms,GET
    =======================
  
    =======================
    Thu May 28 2020 14:07:29 GMT+0800 (GMT+08:00)
    è¯·æ±‚ -- [42;39mã€ %s ã€‘[49;39m-- /user/login;[49;39m,POST
    
    è¿”å› -- [42;39mã€ %s ã€‘[49;39m-- /user/login;[49;39m 1ms,POST
    =======================
  
    =======================
    Thu May 28 2020 14:09:28 GMT+0800 (GMT+08:00)
    è¯·æ±‚ -- [44;39mã€ %s ã€‘[49;39m-- /user/captcha;[49;39m,GET
    
    è¿”å› -- [44;39mã€ %s ã€‘[49;39m-- /user/captcha;[49;39m 14ms,GET
    =======================
  
    =======================
    Thu May 28 2020 14:09:42 GMT+0800 (GMT+08:00)
    è¯·æ±‚ -- [42;39mã€ %s ã€‘[49;39m-- /user/login;[49;39m,POST
    
    è¿”å› -- [42;39mã€ %s ã€‘[49;39m-- /user/login;[49;39m 3ms,POST
    =======================
  
    =======================
    Thu May 28 2020 14:10:05 GMT+0800 (GMT+08:00)
    è¯·æ±‚ -- [44;39mã€ %s ã€‘[49;39m-- /user/captcha;[49;39m,GET
    
    è¿”å› -- [44;39mã€ %s ã€‘[49;39m-- /user/captcha;[49;39m 3ms,GET
    =======================
  
    =======================
    Thu May 28 2020 14:10:55 GMT+0800 (GMT+08:00)
    è¯·æ±‚ -- [44;39mã€ %s ã€‘[49;39m-- /user/captcha;[49;39m,GET
    
    è¿”å› -- [44;39mã€ %s ã€‘[49;39m-- /user/captcha;[49;39m 7ms,GET
    =======================
  
    =======================
    Thu May 28 2020 14:11:49 GMT+0800 (GMT+08:00)
    è¯·æ±‚ -- [44;39mã€ %s ã€‘[49;39m-- /user/captcha;[49;39m,GET
    
    è¿”å› -- [44;39mã€ %s ã€‘[49;39m-- /user/captcha;[49;39m 6ms,GET
    =======================
  
    =======================
    Thu May 28 2020 14:11:57 GMT+0800 (GMT+08:00)
    è¯·æ±‚ -- [44;39mã€ %s ã€‘[49;39m-- /user/captcha;[49;39m,GET
    
    è¿”å› -- [44;39mã€ %s ã€‘[49;39m-- /user/captcha;[49;39m 6ms,GET
    =======================
  
    =======================
    Thu May 28 2020 14:12:34 GMT+0800 (GMT+08:00)
    è¯·æ±‚ -- [44;39mã€ %s ã€‘[49;39m-- /user/captcha;[49;39m,GET
    
    è¿”å› -- [44;39mã€ %s ã€‘[49;39m-- /user/captcha;[49;39m 4ms,GET
    =======================
  
    =======================
    Thu May 28 2020 14:12:50 GMT+0800 (GMT+08:00)
    è¯·æ±‚ -- [44;39mã€ %s ã€‘[49;39m-- /user/captcha;[49;39m,GET
    
    è¿”å› -- [44;39mã€ %s ã€‘[49;39m-- /user/captcha;[49;39m 8ms,GET
    =======================
  
    =======================
    Thu May 28 2020 14:42:11 GMT+0800 (GMT+08:00)
    è¯·æ±‚ -- [44;39mã€ %s ã€‘[49;39m-- /user/captcha;[49;39m,GET
    
    è¿”å› -- [44;39mã€ %s ã€‘[49;39m-- /user/captcha;[49;39m 14ms,GET
    =======================
  
    =======================
    Thu May 28 2020 14:42:16 GMT+0800 (GMT+08:00)
    è¯·æ±‚ -- [44;39mã€ %s ã€‘[49;39m-- /user/captcha;[49;39m,GET
    
    è¿”å› -- [44;39mã€ %s ã€‘[49;39m-- /user/captcha;[49;39m 4ms,GET
    =======================
  
    =======================
    Thu May 28 2020 14:42:22 GMT+0800 (GMT+08:00)
    è¯·æ±‚ -- [42;39mã€ %s ã€‘[49;39m-- /user/login;[49;39m,POST
    
    è¿”å› -- [42;39mã€ %s ã€‘[49;39m-- /user/login;[49;39m 0ms,POST
    =======================
  
    =======================
    Thu May 28 2020 14:42:58 GMT+0800 (GMT+08:00)
    è¯·æ±‚ -- [44;39mã€ %s ã€‘[49;39m-- /user/captcha;[49;39m,GET
    
    è¿”å› -- [44;39mã€ %s ã€‘[49;39m-- /user/captcha;[49;39m 4ms,GET
    =======================
  
    =======================
    Thu May 28 2020 14:43:03 GMT+0800 (GMT+08:00)
    è¯·æ±‚ -- [42;39mã€ %s ã€‘[49;39m-- /user/login;[49;39m,POST
    
    è¿”å› -- [42;39mã€ %s ã€‘[49;39m-- /user/login;[49;39m 1ms,POST
    =======================
  
    =======================
    Thu May 28 2020 14:46:28 GMT+0800 (GMT+08:00)
    è¯·æ±‚ -- [44;39mã€ %s ã€‘[49;39m-- /user/captcha;[49;39m,GET
    
    è¿”å› -- [44;39mã€ %s ã€‘[49;39m-- /user/captcha;[49;39m 9ms,GET
    =======================
  
    =======================
    Thu May 28 2020 14:46:30 GMT+0800 (GMT+08:00)
    è¯·æ±‚ -- [44;39mã€ %s ã€‘[49;39m-- /user/captcha;[49;39m,GET
    
    è¿”å› -- [44;39mã€ %s ã€‘[49;39m-- /user/captcha;[49;39m 8ms,GET
    =======================
  
    =======================
    Thu May 28 2020 14:46:40 GMT+0800 (GMT+08:00)
    è¯·æ±‚ -- [44;39mã€ %s ã€‘[49;39m-- /user/captcha;[49;39m,GET
    
    è¿”å› -- [44;39mã€ %s ã€‘[49;39m-- /user/captcha;[49;39m 3ms,GET
    =======================
  
    =======================
    Thu May 28 2020 14:46:45 GMT+0800 (GMT+08:00)
    è¯·æ±‚ -- [42;39mã€ %s ã€‘[49;39m-- /user/login;[49;39m,POST
    
    è¿”å› -- [42;39mã€ %s ã€‘[49;39m-- /user/login;[49;39m 4ms,POST
    =======================
  
    =======================
    Thu May 28 2020 14:46:58 GMT+0800 (GMT+08:00)
    è¯·æ±‚ -- [44;39mã€ %s ã€‘[49;39m-- /user/captcha;[49;39m,GET
    
    è¿”å› -- [44;39mã€ %s ã€‘[49;39m-- /user/captcha;[49;39m 2ms,GET
    =======================
  
    =======================
    Thu May 28 2020 14:47:01 GMT+0800 (GMT+08:00)
    è¯·æ±‚ -- [42;39mã€ %s ã€‘[49;39m-- /user/login;[49;39m,POST
    
    è¿”å› -- [42;39mã€ %s ã€‘[49;39m-- /user/login;[49;39m 0ms,POST
    =======================
  
    =======================
    Thu May 28 2020 14:58:42 GMT+0800 (GMT+08:00)
    è¯·æ±‚ -- [44;39mã€ %s ã€‘[49;39m-- /user/captcha;[49;39m,GET
    
    è¿”å› -- [44;39mã€ %s ã€‘[49;39m-- /user/captcha;[49;39m 11ms,GET
    =======================
  
    =======================
    Thu May 28 2020 14:58:47 GMT+0800 (GMT+08:00)
    è¯·æ±‚ -- [42;39mã€ %s ã€‘[49;39m-- /user/login;[49;39m,POST
    
    è¿”å› -- [42;39mã€ %s ã€‘[49;39m-- /user/login;[49;39m 2ms,POST
    =======================
  
    =======================
    Thu May 28 2020 15:00:08 GMT+0800 (GMT+08:00)
    è¯·æ±‚ -- [44;39mã€ %s ã€‘[49;39m-- /user/captcha;[49;39m,GET
    
    è¿”å› -- [44;39mã€ %s ã€‘[49;39m-- /user/captcha;[49;39m 11ms,GET
    =======================
  
    =======================
    Thu May 28 2020 15:00:12 GMT+0800 (GMT+08:00)
    è¯·æ±‚ -- [42;39mã€ %s ã€‘[49;39m-- /user/login;[49;39m,POST
    
    è¿”å› -- [42;39mã€ %s ã€‘[49;39m-- /user/login;[49;39m 2ms,POST
    =======================
  
    =======================
    Thu May 28 2020 15:05:10 GMT+0800 (GMT+08:00)
    è¯·æ±‚ -- [44;39mã€ %s ã€‘[49;39m-- /user/captcha;[49;39m,GET
    
    è¿”å› -- [44;39mã€ %s ã€‘[49;39m-- /user/captcha;[49;39m 14ms,GET
    =======================
  
    =======================
    Thu May 28 2020 15:05:16 GMT+0800 (GMT+08:00)
    è¯·æ±‚ -- [42;39mã€ %s ã€‘[49;39m-- /user/login;[49;39m,POST
    
    è¿”å› -- [42;39mã€ %s ã€‘[49;39m-- /user/login;[49;39m 1ms,POST
    =======================
  
    =======================
    Thu May 28 2020 15:06:22 GMT+0800 (GMT+08:00)
    è¯·æ±‚ -- [44;39mã€ %s ã€‘[49;39m-- /user/captcha;[49;39m,GET
    
    è¿”å› -- [44;39mã€ %s ã€‘[49;39m-- /user/captcha;[49;39m 13ms,GET
    =======================
  
    =======================
    Thu May 28 2020 15:06:29 GMT+0800 (GMT+08:00)
    è¯·æ±‚ -- [42;39mã€ %s ã€‘[49;39m-- /user/login;[49;39m,POST
    
    è¿”å› -- [42;39mã€ %s ã€‘[49;39m-- /user/login;[49;39m 1ms,POST
    =======================
  
    =======================
    Thu May 28 2020 15:06:37 GMT+0800 (GMT+08:00)
    è¯·æ±‚ -- [42;39mã€ %s ã€‘[49;39m-- /user/login;[49;39m,POST
    
    è¿”å› -- [42;39mã€ %s ã€‘[49;39m-- /user/login;[49;39m 0ms,POST
    =======================
  
    =======================
    Thu May 28 2020 15:06:37 GMT+0800 (GMT+08:00)
    è¯·æ±‚ -- [42;39mã€ %s ã€‘[49;39m-- /user/login;[49;39m,POST
    
    è¿”å› -- [42;39mã€ %s ã€‘[49;39m-- /user/login;[49;39m 0ms,POST
    =======================
  
    =======================
    Thu May 28 2020 15:06:40 GMT+0800 (GMT+08:00)
    è¯·æ±‚ -- [42;39mã€ %s ã€‘[49;39m-- /user/login;[49;39m,POST
    
    è¿”å› -- [42;39mã€ %s ã€‘[49;39m-- /user/login;[49;39m 0ms,POST
    =======================
  
    =======================
    Thu May 28 2020 15:06:42 GMT+0800 (GMT+08:00)
    è¯·æ±‚ -- [42;39mã€ %s ã€‘[49;39m-- /user/login;[49;39m,POST
    
    è¿”å› -- [42;39mã€ %s ã€‘[49;39m-- /user/login;[49;39m 0ms,POST
    =======================
  
    =======================
    Thu May 28 2020 15:06:47 GMT+0800 (GMT+08:00)
    è¯·æ±‚ -- [42;39mã€ %s ã€‘[49;39m-- /user/login;[49;39m,POST
    
    è¿”å› -- [42;39mã€ %s ã€‘[49;39m-- /user/login;[49;39m 0ms,POST
    =======================
  
    =======================
    Thu May 28 2020 15:06:52 GMT+0800 (GMT+08:00)
    è¯·æ±‚ -- [44;39mã€ %s ã€‘[49;39m-- /user/captcha;[49;39m,GET
    
    è¿”å› -- [44;39mã€ %s ã€‘[49;39m-- /user/captcha;[49;39m 4ms,GET
    =======================
  
    =======================
    Thu May 28 2020 15:06:56 GMT+0800 (GMT+08:00)
    è¯·æ±‚ -- [42;39mã€ %s ã€‘[49;39m-- /user/login;[49;39m,POST
    
    è¿”å› -- [42;39mã€ %s ã€‘[49;39m-- /user/login;[49;39m 0ms,POST
    =======================
  
    =======================
    Thu May 28 2020 15:07:01 GMT+0800 (GMT+08:00)
    è¯·æ±‚ -- [42;39mã€ %s ã€‘[49;39m-- /user/login;[49;39m,POST
    
    è¿”å› -- [42;39mã€ %s ã€‘[49;39m-- /user/login;[49;39m 0ms,POST
    =======================
  
    =======================
    Thu May 28 2020 15:07:46 GMT+0800 (GMT+08:00)
    è¯·æ±‚ -- [42;39mã€ %s ã€‘[49;39m-- /user/login;[49;39m,POST
    
    è¿”å› -- [42;39mã€ %s ã€‘[49;39m-- /user/login;[49;39m 3ms,POST
    =======================
  
    =======================
    Thu May 28 2020 15:07:47 GMT+0800 (GMT+08:00)
    è¯·æ±‚ -- [44;39mã€ %s ã€‘[49;39m-- /user/captcha;[49;39m,GET
    
    è¿”å› -- [44;39mã€ %s ã€‘[49;39m-- /user/captcha;[49;39m 9ms,GET
    =======================
  
    =======================
    Thu May 28 2020 15:07:48 GMT+0800 (GMT+08:00)
    è¯·æ±‚ -- [42;39mã€ %s ã€‘[49;39m-- /user/login;[49;39m,POST
    
    è¿”å› -- [42;39mã€ %s ã€‘[49;39m-- /user/login;[49;39m 0ms,POST
    =======================
  
    =======================
    Thu May 28 2020 15:07:51 GMT+0800 (GMT+08:00)
    è¯·æ±‚ -- [42;39mã€ %s ã€‘[49;39m-- /user/login;[49;39m,POST
    
    è¿”å› -- [42;39mã€ %s ã€‘[49;39m-- /user/login;[49;39m 0ms,POST
    =======================
  
    =======================
    Thu May 28 2020 15:07:56 GMT+0800 (GMT+08:00)
    è¯·æ±‚ -- [42;39mã€ %s ã€‘[49;39m-- /user/login;[49;39m,POST
    
    è¿”å› -- [42;39mã€ %s ã€‘[49;39m-- /user/login;[49;39m 1ms,POST
    =======================
  
    =======================
    Thu May 28 2020 15:08:06 GMT+0800 (GMT+08:00)
    è¯·æ±‚ -- [42;39mã€ %s ã€‘[49;39m-- /user/login;[49;39m,POST
    
    è¿”å› -- [42;39mã€ %s ã€‘[49;39m-- /user/login;[49;39m 3ms,POST
    =======================
  
    =======================
    Thu May 28 2020 15:08:08 GMT+0800 (GMT+08:00)
    è¯·æ±‚ -- [44;39mã€ %s ã€‘[49;39m-- /user/captcha;[49;39m,GET
    
    è¿”å› -- [44;39mã€ %s ã€‘[49;39m-- /user/captcha;[49;39m 6ms,GET
    =======================
  
    =======================
    Thu May 28 2020 15:08:09 GMT+0800 (GMT+08:00)
    è¯·æ±‚ -- [42;39mã€ %s ã€‘[49;39m-- /user/login;[49;39m,POST
    
    è¿”å› -- [42;39mã€ %s ã€‘[49;39m-- /user/login;[49;39m 0ms,POST
    =======================
  
    =======================
    Thu May 28 2020 15:08:14 GMT+0800 (GMT+08:00)
    è¯·æ±‚ -- [42;39mã€ %s ã€‘[49;39m-- /user/login;[49;39m,POST
    
    è¿”å› -- [42;39mã€ %s ã€‘[49;39m-- /user/login;[49;39m 0ms,POST
    =======================
  
    =======================
    Thu May 28 2020 15:08:17 GMT+0800 (GMT+08:00)
    è¯·æ±‚ -- [42;39mã€ %s ã€‘[49;39m-- /user/login;[49;39m,POST
    
    è¿”å› -- [42;39mã€ %s ã€‘[49;39m-- /user/login;[49;39m 1ms,POST
    =======================
  
    =======================
    Thu May 28 2020 15:08:21 GMT+0800 (GMT+08:00)
    è¯·æ±‚ -- [44;39mã€ %s ã€‘[49;39m-- /user/captcha;[49;39m,GET
    
    è¿”å› -- [44;39mã€ %s ã€‘[49;39m-- /user/captcha;[49;39m 3ms,GET
    =======================
  
    =======================
    Thu May 28 2020 15:08:25 GMT+0800 (GMT+08:00)
    è¯·æ±‚ -- [42;39mã€ %s ã€‘[49;39m-- /user/login;[49;39m,POST
    
    è¿”å› -- [42;39mã€ %s ã€‘[49;39m-- /user/login;[49;39m 0ms,POST
    =======================
  
    =======================
    Thu May 28 2020 15:08:29 GMT+0800 (GMT+08:00)
    è¯·æ±‚ -- [42;39mã€ %s ã€‘[49;39m-- /user/login;[49;39m,POST
    
    è¿”å› -- [42;39mã€ %s ã€‘[49;39m-- /user/login;[49;39m 0ms,POST
    =======================
  
    =======================
    Thu May 28 2020 15:08:58 GMT+0800 (GMT+08:00)
    è¯·æ±‚ -- [42;39mã€ %s ã€‘[49;39m-- /user/login;[49;39m,POST
    
    è¿”å› -- [42;39mã€ %s ã€‘[49;39m-- /user/login;[49;39m 4ms,POST
    =======================
  
    =======================
    Thu May 28 2020 15:09:15 GMT+0800 (GMT+08:00)
    è¯·æ±‚ -- [42;39mã€ %s ã€‘[49;39m-- /user/login;[49;39m,POST
    
    è¿”å› -- [42;39mã€ %s ã€‘[49;39m-- /user/login;[49;39m 3ms,POST
    =======================
  
    =======================
    Thu May 28 2020 15:09:24 GMT+0800 (GMT+08:00)
    è¯·æ±‚ -- [44;39mã€ %s ã€‘[49;39m-- /user/captcha;[49;39m,GET
    
    è¿”å› -- [44;39mã€ %s ã€‘[49;39m-- /user/captcha;[49;39m 11ms,GET
    =======================
  
    =======================
    Thu May 28 2020 15:09:26 GMT+0800 (GMT+08:00)
    è¯·æ±‚ -- [42;39mã€ %s ã€‘[49;39m-- /user/login;[49;39m,POST
    
    è¿”å› -- [42;39mã€ %s ã€‘[49;39m-- /user/login;[49;39m 0ms,POST
    =======================
  
    =======================
    Thu May 28 2020 15:09:36 GMT+0800 (GMT+08:00)
    è¯·æ±‚ -- [42;39mã€ %s ã€‘[49;39m-- /user/login;[49;39m,POST
    
    è¿”å› -- [42;39mã€ %s ã€‘[49;39m-- /user/login;[49;39m 1ms,POST
    =======================
  
    =======================
    Thu May 28 2020 15:09:43 GMT+0800 (GMT+08:00)
    è¯·æ±‚ -- [42;39mã€ %s ã€‘[49;39m-- /user/login;[49;39m,POST
    
    è¿”å› -- [42;39mã€ %s ã€‘[49;39m-- /user/login;[49;39m 0ms,POST
    =======================
  
    =======================
    Thu May 28 2020 15:09:47 GMT+0800 (GMT+08:00)
    è¯·æ±‚ -- [42;39mã€ %s ã€‘[49;39m-- /user/login;[49;39m,POST
    
    è¿”å› -- [42;39mã€ %s ã€‘[49;39m-- /user/login;[49;39m 0ms,POST
    =======================
  
    =======================
    Thu May 28 2020 15:09:52 GMT+0800 (GMT+08:00)
    è¯·æ±‚ -- [42;39mã€ %s ã€‘[49;39m-- /user/login;[49;39m,POST
    
    è¿”å› -- [42;39mã€ %s ã€‘[49;39m-- /user/login;[49;39m 0ms,POST
    =======================
  
    =======================
    Thu May 28 2020 15:11:55 GMT+0800 (GMT+08:00)
    è¯·æ±‚ -- [42;39mã€ %s ã€‘[49;39m-- /user/login;[49;39m,POST
    
    è¿”å› -- [42;39mã€ %s ã€‘[49;39m-- /user/login;[49;39m 5ms,POST
    =======================
  
    =======================
    Thu May 28 2020 15:12:22 GMT+0800 (GMT+08:00)
    è¯·æ±‚ -- [42;39mã€ %s ã€‘[49;39m-- /user/login;[49;39m,POST
    
    è¿”å› -- [42;39mã€ %s ã€‘[49;39m-- /user/login;[49;39m 4ms,POST
    =======================
  
    =======================
    Thu May 28 2020 15:12:39 GMT+0800 (GMT+08:00)
    è¯·æ±‚ -- [42;39mã€ %s ã€‘[49;39m-- /user/login;[49;39m,POST
    
    è¿”å› -- [42;39mã€ %s ã€‘[49;39m-- /user/login;[49;39m 5ms,POST
    =======================
  